Running: C:\Xilinx\14.7\ISE_DS\ISE\bin\nt64\unwrapped\fuse.exe -intstyle ise -incremental -lib secureip -o S:/uni/4/Az memar/session7/az7/rom_two_tb_isim_beh.exe -prj S:/uni/4/Az memar/session7/az7/rom_two_tb_beh.prj work.rom_two_tb 
ISim P.20131013 (signature 0x7708f090)
Number of CPUs detected in this system: 16
Turning on mult-threading, number of parallel sub-compilation jobs: 32 
Determining compilation order of HDL files
Parsing VHDL file "S:/uni/4/Az memar/session7/az7/ram_two.vhd" into library work
Parsing VHDL file "S:/uni/4/Az memar/session7/az7/rom_two_tb.vhd" into library work
Starting static elaboration
Completed static elaboration
Compiling package standard
Compiling package std_logic_1164
Compiling package std_logic_arith
Compiling package std_logic_unsigned
Compiling package numeric_std
Compiling architecture behavioral of entity RAM_two [ram_two_default]
Compiling architecture behavior of entity rom_two_tb
Time Resolution for simulation is 1ps.
Waiting for 1 sub-compilation(s) to finish...
Compiled 8 VHDL Units
Built simulation executable S:/uni/4/Az memar/session7/az7/rom_two_tb_isim_beh.exe
Fuse Memory Usage: 37868 KB
Fuse CPU Usage: 1124 ms
