Running: C:\Xilinx\14.7\ISE_DS\ISE\bin\nt64\unwrapped\fuse.exe -intstyle ise -incremental -lib secureip -o S:/uni/4/Az memar/session4/az4/Tb_Carry_Look_Ahead_isim_beh.exe -prj S:/uni/4/Az memar/session4/az4/Tb_Carry_Look_Ahead_beh.prj work.Tb_Carry_Look_Ahead 
ISim P.20131013 (signature 0x7708f090)
Number of CPUs detected in this system: 16
Turning on mult-threading, number of parallel sub-compilation jobs: 32 
Determining compilation order of HDL files
Parsing VHDL file "S:/uni/4/Az memar/session4/az4/FA.vhd" into library work
Parsing VHDL file "S:/uni/4/Az memar/session4/az4/CarryLookahead.vhd" into library work
Parsing VHDL file "S:/uni/4/Az memar/session4/az4/CL_tb.vhd" into library work
Starting static elaboration
Completed static elaboration
Compiling package standard
Compiling package std_logic_1164
Compiling architecture behavioral of entity Partial_Full_Adder [partial_full_adder_default]
Compiling architecture behavioral of entity Carry_Look_Ahead [carry_look_ahead_default]
Compiling architecture behavior of entity tb_carry_look_ahead
Time Resolution for simulation is 1ps.
Waiting for 1 sub-compilation(s) to finish...
Compiled 7 VHDL Units
Built simulation executable S:/uni/4/Az memar/session4/az4/Tb_Carry_Look_Ahead_isim_beh.exe
Fuse Memory Usage: 29732 KB
Fuse CPU Usage: 828 ms
