Running: C:\Xilinx\14.7\ISE_DS\ISE\bin\nt64\unwrapped\fuse.exe -intstyle ise -incremental -lib secureip -o S:/uni/4/Az memar/aztafrigh/Ripple_Adder_tb_isim_beh.exe -prj S:/uni/4/Az memar/aztafrigh/Ripple_Adder_tb_beh.prj work.Ripple_Adder_tb 
ISim P.20131013 (signature 0x7708f090)
Number of CPUs detected in this system: 16
Turning on mult-threading, number of parallel sub-compilation jobs: 32 
Determining compilation order of HDL files
Parsing VHDL file "S:/uni/4/Az memar/aztafrigh/HA.vhd" into library work
Parsing VHDL file "S:/uni/4/Az memar/aztafrigh/FA.vhd" into library work
Parsing VHDL file "S:/uni/4/Az memar/aztafrigh/ripple4bit.vhd" into library work
WARNING:HDLCompiler:946 - "S:/uni/4/Az memar/aztafrigh/ripple4bit.vhd" Line 27: Actual for formal port b is neither a static name nor a globally static expression
WARNING:HDLCompiler:946 - "S:/uni/4/Az memar/aztafrigh/ripple4bit.vhd" Line 28: Actual for formal port b is neither a static name nor a globally static expression
WARNING:HDLCompiler:946 - "S:/uni/4/Az memar/aztafrigh/ripple4bit.vhd" Line 29: Actual for formal port b is neither a static name nor a globally static expression
WARNING:HDLCompiler:946 - "S:/uni/4/Az memar/aztafrigh/ripple4bit.vhd" Line 30: Actual for formal port b is neither a static name nor a globally static expression
Parsing VHDL file "S:/uni/4/Az memar/aztafrigh/Ripple_Adder_tb.vhd" into library work
Starting static elaboration
Completed static elaboration
Compiling package standard
Compiling package std_logic_1164
Compiling package std_logic_arith
Compiling package std_logic_unsigned
Compiling architecture dataflow of entity HA [ha_default]
Compiling architecture structural of entity FA [fa_default]
Compiling architecture behavioral of entity Ripple_Adder [ripple_adder_default]
Compiling architecture behavior of entity ripple_adder_tb
Time Resolution for simulation is 1ps.
Waiting for 1 sub-compilation(s) to finish...
Compiled 11 VHDL Units
Built simulation executable S:/uni/4/Az memar/aztafrigh/Ripple_Adder_tb_isim_beh.exe
Fuse Memory Usage: 35336 KB
Fuse CPU Usage: 953 ms
