Release 14.7 - xst P.20131013 (nt64)
Copyright (c) 1995-2013 Xilinx, Inc.  All rights reserved.
--> Parameter TMPDIR set to xst/projnav.tmp


Total REAL time to Xst completion: 0.00 secs
Total CPU time to Xst completion: 0.11 secs
 
--> Parameter xsthdpdir set to xst


Total REAL time to Xst completion: 0.00 secs
Total CPU time to Xst completion: 0.11 secs
 
--> Reading design: counter.prj

TABLE OF CONTENTS
  1) Synthesis Options Summary
  2) HDL Parsing
  3) HDL Elaboration
  4) HDL Synthesis
       4.1) HDL Synthesis Report
  5) Advanced HDL Synthesis
       5.1) Advanced HDL Synthesis Report
  6) Low Level Synthesis
  7) Partition Report
  8) Design Summary
       8.1) Primitive and Black Box Usage
       8.2) Device utilization summary
       8.3) Partition Resource Summary
       8.4) Timing Report
            8.4.1) Clock Information
            8.4.2) Asynchronous Control Signals Information
            8.4.3) Timing Summary
            8.4.4) Timing Details
            8.4.5) Cross Clock Domains Report


=========================================================================
*                      Synthesis Options Summary                        *
=========================================================================
---- Source Parameters
Input File Name                    : "counter.prj"
Ignore Synthesis Constraint File   : NO

---- Target Parameters
Output File Name                   : "counter"
Output Format                      : NGC
Target Device                      : xc6slx45t-3-fgg484

---- Source Options
Top Module Name                    : counter
Automatic FSM Extraction           : YES
FSM Encoding Algorithm             : Auto
Safe Implementation                : No
FSM Style                          : LUT
RAM Extraction                     : Yes
RAM Style                          : Auto
ROM Extraction                     : Yes
Shift Register Extraction          : YES
ROM Style                          : Auto
Resource Sharing                   : YES
Asynchronous To Synchronous        : NO
Shift Register Minimum Size        : 2
Use DSP Block                      : Auto
Automatic Register Balancing       : No

---- Target Options
LUT Combining                      : Auto
Reduce Control Sets                : Auto
Add IO Buffers                     : YES
Global Maximum Fanout              : 100000
Add Generic Clock Buffer(BUFG)     : 16
Register Duplication               : YES
Optimize Instantiated Primitives   : NO
Use Clock Enable                   : Auto
Use Synchronous Set                : Auto
Use Synchronous Reset              : Auto
Pack IO Registers into IOBs        : Auto
Equivalent register Removal        : YES

---- General Options
Optimization Goal                  : Speed
Optimization Effort                : 1
Power Reduction                    : NO
Keep Hierarchy                     : No
Netlist Hierarchy                  : As_Optimized
RTL Output                         : Yes
Global Optimization                : AllClockNets
Read Cores                         : YES
Write Timing Constraints           : NO
Cross Clock Analysis               : NO
Hierarchy Separator                : /
Bus Delimiter                      : <>
Case Specifier                     : Maintain
Slice Utilization Ratio            : 100
BRAM Utilization Ratio             : 100
DSP48 Utilization Ratio            : 100
Auto BRAM Packing                  : NO
Slice Utilization Ratio Delta      : 5

=========================================================================


=========================================================================
*                          HDL Parsing                                  *
=========================================================================
Parsing VHDL file "E:\Ev\university\semester 4\CA lib\az6\Shift\counter.vhd" into library work
Parsing entity <counter>.
Parsing architecture <bhv> of entity <counter>.

=========================================================================
*                            HDL Elaboration                            *
=========================================================================

Elaborating entity <counter> (architecture <bhv>) from library <work>.
WARNING:HDLCompiler:92 - "E:\Ev\university\semester 4\CA lib\az6\Shift\counter.vhd" Line 29: tmp should be on the sensitivity list of the process

=========================================================================
*                           HDL Synthesis                               *
=========================================================================

Synthesizing Unit <counter>.
    Related source file is "E:\Ev\university\semester 4\CA lib\az6\Shift\counter.vhd".
    Found 32-bit register for signal <count>.
    Found 1-bit register for signal <tmp>.
    Found 32-bit adder for signal <count[31]_GND_3_o_add_0_OUT> created at line 23.
    Summary:
	inferred   1 Adder/Subtractor(s).
	inferred  33 D-type flip-flop(s).
	inferred   1 Multiplexer(s).
Unit <counter> synthesized.

=========================================================================
HDL Synthesis Report

Macro Statistics
# Adders/Subtractors                                   : 1
 32-bit adder                                          : 1
# Registers                                            : 2
 1-bit register                                        : 1
 32-bit register                                       : 1
# Multiplexers                                         : 1
 32-bit 2-to-1 multiplexer                             : 1

=========================================================================

=========================================================================
*                       Advanced HDL Synthesis                          *
=========================================================================


=========================================================================
Advanced HDL Synthesis Report

Macro Statistics
# Adders/Subtractors                                   : 1
 32-bit adder                                          : 1
# Registers                                            : 33
 Flip-Flops                                            : 33
# Multiplexers                                         : 1
 32-bit 2-to-1 multiplexer                             : 1

=========================================================================

=========================================================================
*                         Low Level Synthesis                           *
=========================================================================

Optimizing unit <counter> ...
WARNING:Xst:1293 - FF/Latch <count_26> has a constant value of 0 in block <counter>. This FF/Latch will be trimmed during the optimization process.
WARNING:Xst:1896 - Due to other FF/Latch trimming, FF/Latch <count_27> has a constant value of 0 in block <counter>. This FF/Latch will be trimmed during the optimization process.
WARNING:Xst:1896 - Due to other FF/Latch trimming, FF/Latch <count_28> has a constant value of 0 in block <counter>. This FF/Latch will be trimmed during the optimization process.
WARNING:Xst:1896 - Due to other FF/Latch trimming, FF/Latch <count_29> has a constant value of 0 in block <counter>. This FF/Latch will be trimmed during the optimization process.
WARNING:Xst:1896 - Due to other FF/Latch trimming, FF/Latch <count_30> has a constant value of 0 in block <counter>. This FF/Latch will be trimmed during the optimization process.
WARNING:Xst:1896 - Due to other FF/Latch trimming, FF/Latch <count_31> has a constant value of 0 in block <counter>. This FF/Latch will be trimmed during the optimization process.

Mapping all equations...
Building and optimizing final netlist ...
Found area constraint ratio of 100 (+ 5) on block counter, actual ratio is 0.

Final Macro Processing ...

=========================================================================
Final Register Report

Macro Statistics
# Registers                                            : 27
 Flip-Flops                                            : 27

=========================================================================

=========================================================================
*                           Partition Report                            *
=========================================================================

Partition Implementation Status
-------------------------------

  No Partitions were found in this design.

-------------------------------

=========================================================================
*                            Design Summary                             *
=========================================================================

Top Level Output File Name         : counter.ngc

Primitive and Black Box Usage:
------------------------------
# BELS                             : 112
#      GND                         : 1
#      INV                         : 1
#      LUT1                        : 25
#      LUT2                        : 26
#      LUT6                        : 7
#      MUXCY                       : 25
#      VCC                         : 1
#      XORCY                       : 26
# FlipFlops/Latches                : 27
#      FDC                         : 25
#      FDCE                        : 1
#      FDP                         : 1
# Clock Buffers                    : 1
#      BUFGP                       : 1
# IO Buffers                       : 2
#      IBUF                        : 1
#      OBUF                        : 1

Device utilization summary:
---------------------------

Selected Device : 6slx45tfgg484-3 


Slice Logic Utilization: 
 Number of Slice Registers:              27  out of  54576     0%  
 Number of Slice LUTs:                   59  out of  27288     0%  
    Number used as Logic:                59  out of  27288     0%  

Slice Logic Distribution: 
 Number of LUT Flip Flop pairs used:     59
   Number with an unused Flip Flop:      32  out of     59    54%  
   Number with an unused LUT:             0  out of     59     0%  
   Number of fully used LUT-FF pairs:    27  out of     59    45%  
   Number of unique control sets:         2

IO Utilization: 
 Number of IOs:                           3
 Number of bonded IOBs:                   3  out of    296     1%  

Specific Feature Utilization:
 Number of BUFG/BUFGCTRLs:                1  out of     16     6%  

---------------------------
Partition Resource Summary:
---------------------------

  No Partitions were found in this design.

---------------------------


=========================================================================
Timing Report

NOTE: THESE TIMING NUMBERS ARE ONLY A SYNTHESIS ESTIMATE.
      FOR ACCURATE TIMING INFORMATION PLEASE REFER TO THE TRACE REPORT
      GENERATED AFTER PLACE-and-ROUTE.

Clock Information:
------------------
-----------------------------------+------------------------+-------+
Clock Signal                       | Clock buffer(FF name)  | Load  |
-----------------------------------+------------------------+-------+
clk                                | BUFGP                  | 27    |
-----------------------------------+------------------------+-------+

Asynchronous Control Signals Information:
----------------------------------------
No asynchronous control signals found in this design

Timing Summary:
---------------
Speed Grade: -3

   Minimum period: 3.998ns (Maximum Frequency: 250.150MHz)
   Minimum input arrival time before clock: 2.872ns
   Maximum output required time after clock: 3.634ns
   Maximum combinational path delay: No path found

Timing Details:
---------------
All values displayed in nanoseconds (ns)

=========================================================================
Timing constraint: Default period analysis for Clock 'clk'
  Clock period: 3.998ns (frequency: 250.150MHz)
  Total number of paths / destination ports: 1054 / 28
-------------------------------------------------------------------------
Delay:               3.998ns (Levels of Logic = 3)
  Source:            count_15 (FF)
  Destination:       count_2 (FF)
  Source Clock:      clk rising
  Destination Clock: clk rising

  Data Path: count_15 to count_2
                                Gate     Net
    Cell:in->out      fanout   Delay   Delay  Logical Name (Net Name)
    ----------------------------------------  ------------
     FDC:C->Q              2   0.447   0.981  count_15 (count_15)
     LUT6:I0->O            3   0.203   0.898  GND_3_o_count[31]_equal_2_o<31>4 (GND_3_o_count[31]_equal_2_o<31>3)
     LUT6:I2->O           14   0.203   0.958  GND_3_o_count[31]_equal_2_o<31>5 (GND_3_o_count[31]_equal_2_o)
     LUT2:I1->O            1   0.205   0.000  Mmux_count[31]_GND_3_o_mux_2_OUT321 (count[31]_GND_3_o_mux_2_OUT<9>)
     FDC:D                     0.102          count_9
    ----------------------------------------
    Total                      3.998ns (1.160ns logic, 2.838ns route)
                                       (29.0% logic, 71.0% route)

=========================================================================
Timing constraint: Default OFFSET IN BEFORE for Clock 'clk'
  Total number of paths / destination ports: 27 / 27
-------------------------------------------------------------------------
Offset:              2.872ns (Levels of Logic = 1)
  Source:            reset (PAD)
  Destination:       tmp (FF)
  Destination Clock: clk rising

  Data Path: reset to tmp
                                Gate     Net
    Cell:in->out      fanout   Delay   Delay  Logical Name (Net Name)
    ----------------------------------------  ------------
     IBUF:I->O            27   1.222   1.220  reset_IBUF (reset_IBUF)
     FDCE:CLR                  0.430          tmp
    ----------------------------------------
    Total                      2.872ns (1.652ns logic, 1.220ns route)
                                       (57.5% logic, 42.5% route)

=========================================================================
Timing constraint: Default OFFSET OUT AFTER for Clock 'clk'
  Total number of paths / destination ports: 1 / 1
-------------------------------------------------------------------------
Offset:              3.634ns (Levels of Logic = 1)
  Source:            tmp (FF)
  Destination:       clock_out (PAD)
  Source Clock:      clk rising

  Data Path: tmp to clock_out
                                Gate     Net
    Cell:in->out      fanout   Delay   Delay  Logical Name (Net Name)
    ----------------------------------------  ------------
     FDCE:C->Q             2   0.447   0.616  tmp (tmp)
     OBUF:I->O                 2.571          clock_out_OBUF (clock_out)
    ----------------------------------------
    Total                      3.634ns (3.018ns logic, 0.616ns route)
                                       (83.0% logic, 17.0% route)

=========================================================================

Cross Clock Domains Report:
--------------------------

Clock to Setup on destination clock clk
---------------+---------+---------+---------+---------+
               | Src:Rise| Src:Fall| Src:Rise| Src:Fall|
Source Clock   |Dest:Rise|Dest:Rise|Dest:Fall|Dest:Fall|
---------------+---------+---------+---------+---------+
clk            |    3.998|         |         |         |
---------------+---------+---------+---------+---------+

=========================================================================


Total REAL time to Xst completion: 8.00 secs
Total CPU time to Xst completion: 7.47 secs
 
--> 

Total memory usage is 4494088 kilobytes

Number of errors   :    0 (   0 filtered)
Number of warnings :    7 (   0 filtered)
Number of infos    :    0 (   0 filtered)

